01:20:28 **** Incremental Build of configuration Debug for project prj1 ****
make -j20 all 
arm-none-eabi-gcc "../Core/Src/main.c" -mcpu=cortex-m3 -std=gnu11 -g3 -DDEBUG -DUSE_HAL_DRIVER -DSTM32F103xB -c -I../Core/Inc -I../Drivers/STM32F1xx_HAL_Driver/Inc/Legacy -I../Drivers/STM32F1xx_HAL_Driver/Inc -I../Drivers/CMSIS/Device/ST/STM32F1xx/Include -I../Drivers/CMSIS/Include -I../USB_DEVICE/App -I../USB_DEVICE/Target -I../Middlewares/ST/STM32_USB_Device_Library/Core/Inc -I../Middlewares/ST/STM32_USB_Device_Library/Class/CDC/Inc -O0 -ffunction-sections -fdata-sections -Wall -fstack-usage -fcyclomatic-complexity -MMD -MP -MF"Core/Src/main.d" -MT"Core/Src/main.o" --specs=nano.specs -mfloat-abi=soft -mthumb -o "Core/Src/main.o"
../Core/Src/main.c: In function 'main':
../Core/Src/main.c:143:21: warning: pointer targets in passing argument 1 of 'sprintf' differ in signedness [-Wpointer-sign]
  143 |             sprintf(msg, "Living room: Temp %d°C, Hum %d%% ADC:%d\r\n", (uint8_t)d.temp, (uint8_t)d.hum , ADC_BUFFER);
      |                     ^~~
      |                     |
      |                     uint8_t * {aka unsigned char *}
In file included from ../USB_DEVICE/Target/usbd_conf.h:30,
                 from ../Middlewares/ST/STM32_USB_Device_Library/Core/Inc/usbd_def.h:29,
                 from ../USB_DEVICE/App/usb_device.h:32,
                 from ../Core/Src/main.c:21:
C:\ST\STM32CubeIDE_1.15.1\STM32CubeIDE\plugins\com.st.stm32cube.ide.mcu.externaltools.gnu-tools-for-stm32.12.3.rel1.win32_1.0.100.202403111256\tools\bin/../lib/gcc/arm-none-eabi/12.3.1/../../../../arm-none-eabi/include/stdio.h:250:18: note: expected 'char * restrict' but argument is of type 'uint8_t *' {aka 'unsigned char *'}
  250 | int     sprintf (char *__restrict, const char *__restrict, ...)
      |                  ^
../Core/Src/main.c:145:57: warning: pointer targets in passing argument 1 of 'strlen' differ in signedness [-Wpointer-sign]
  145 |                   CDC_Transmit_FS((uint8_t*)msg, strlen(msg));
      |                                                         ^~~
      |                                                         |
      |                                                         uint8_t * {aka unsigned char *}
In file included from ../USB_DEVICE/Target/usbd_conf.h:32:
C:\ST\STM32CubeIDE_1.15.1\STM32CubeIDE\plugins\com.st.stm32cube.ide.mcu.externaltools.gnu-tools-for-stm32.12.3.rel1.win32_1.0.100.202403111256\tools\bin/../lib/gcc/arm-none-eabi/12.3.1/../../../../arm-none-eabi/include/string.h:41:18: note: expected 'const char *' but argument is of type 'uint8_t *' {aka 'unsigned char *'}
   41 | size_t   strlen (const char *);
      |                  ^~~~~~~~~~~~
arm-none-eabi-g++ -o "prj1.elf" @"objects.list"   -mcpu=cortex-m3 -T"C:\Users\87407\OneDrive\CourseProjectC\prj1\STM32F103C8TX_FLASH.ld" --specs=nosys.specs -Wl,-Map="prj1.map" -Wl,--gc-sections -static --specs=nano.specs -mfloat-abi=soft -mthumb -Wl,--start-group -lc -lm -lstdc++ -lsupc++ -Wl,--end-group
Finished building target: prj1.elf
 
arm-none-eabi-size  prj1.elf 
arm-none-eabi-objdump -h -S prj1.elf  > "prj1.list"
   text	   data	    bss	    dec	    hex	filename
  57716	    492	   7708	  65916	  1017c	prj1.elf
Finished building: default.size.stdout
 
Finished building: prj1.list
 

01:20:29 Build Finished. 0 errors, 2 warnings. (took 555ms)

